{"/Users/admin/Desktop/react/spreadsheet/src/App.tsx": {"path":"/Users/admin/Desktop/react/spreadsheet/src/App.tsx","statementMap":{"0":{"start":{"line":1,"column":0},"end":{"line":1,"column":54}},"1":{"start":{"line":2,"column":0},"end":{"line":2,"column":75}},"2":{"start":{"line":4,"column":0},"end":{"line":4,"column":89}},"3":{"start":{"line":10,"column":17},"end":{"line":10,"column":45}},"4":{"start":{"line":13,"column":17},"end":{"line":20,"column":8}},"5":{"start":{"line":14,"column":17},"end":{"line":14,"column":29}},"6":{"start":{"line":15,"column":18},"end":{"line":15,"column":47}},"7":{"start":{"line":17,"column":4},"end":{"line":19,"column":5}},"8":{"start":{"line":18,"column":6},"end":{"line":18,"column":null}},"9":{"start":{"line":22,"column":2},"end":{"line":41,"column":23}},"10":{"start":{"line":23,"column":4},"end":{"line":39,"column":5}},"11":{"start":{"line":24,"column":22},"end":{"line":24,"column":41}},"12":{"start":{"line":25,"column":6},"end":{"line":25,"column":35}},"13":{"start":{"line":26,"column":6},"end":{"line":38,"column":null}},"14":{"start":{"line":27,"column":8},"end":{"line":27,"column":36}},"15":{"start":{"line":29,"column":8},"end":{"line":37,"column":null}},"16":{"start":{"line":30,"column":24},"end":{"line":30,"column":55}},"17":{"start":{"line":31,"column":10},"end":{"line":31,"column":30}},"18":{"start":{"line":32,"column":10},"end":{"line":32,"column":37}},"19":{"start":{"line":33,"column":10},"end":{"line":35,"column":null}},"20":{"start":{"line":34,"column":12},"end":{"line":34,"column":null}},"21":{"start":{"line":36,"column":10},"end":{"line":36,"column":null}},"22":{"start":{"line":46,"column":18},"end":{"line":46,"column":47}},"23":{"start":{"line":47,"column":4},"end":{"line":47,"column":30}},"24":{"start":{"line":48,"column":4},"end":{"line":48,"column":29}},"25":{"start":{"line":49,"column":4},"end":{"line":49,"column":null}},"26":{"start":{"line":54,"column":45},"end":{"line":59,"column":4}},"27":{"start":{"line":55,"column":35},"end":{"line":55,"column":40}},"28":{"start":{"line":56,"column":35},"end":{"line":56,"column":40}},"29":{"start":{"line":57,"column":35},"end":{"line":57,"column":40}},"30":{"start":{"line":58,"column":35},"end":{"line":58,"column":40}},"31":{"start":{"line":62,"column":56},"end":{"line":77,"column":null}},"32":{"start":{"line":63,"column":27},"end":{"line":63,"column":32}},"33":{"start":{"line":67,"column":30},"end":{"line":67,"column":49}},"34":{"start":{"line":68,"column":34},"end":{"line":68,"column":51}},"35":{"start":{"line":69,"column":35},"end":{"line":69,"column":53}},"36":{"start":{"line":70,"column":34},"end":{"line":70,"column":50}},"37":{"start":{"line":71,"column":33},"end":{"line":71,"column":47}},"38":{"start":{"line":72,"column":30},"end":{"line":72,"column":46}},"39":{"start":{"line":73,"column":35},"end":{"line":73,"column":59}},"40":{"start":{"line":73,"column":51},"end":{"line":73,"column":58}},"41":{"start":{"line":74,"column":48},"end":{"line":74,"column":81}},"42":{"start":{"line":75,"column":47},"end":{"line":75,"column":58}},"43":{"start":{"line":76,"column":33},"end":{"line":76,"column":60}},"44":{"start":{"line":80,"column":20},"end":{"line":81,"column":129}},"45":{"start":{"line":81,"column":4},"end":{"line":81,"column":129}},"46":{"start":{"line":81,"column":57},"end":{"line":81,"column":128}},"47":{"start":{"line":84,"column":30},"end":{"line":89,"column":3}},"48":{"start":{"line":86,"column":17},"end":{"line":86,"column":38}},"49":{"start":{"line":88,"column":4},"end":{"line":88,"column":null}},"50":{"start":{"line":92,"column":24},"end":{"line":107,"column":3}},"51":{"start":{"line":93,"column":19},"end":{"line":93,"column":38}},"52":{"start":{"line":95,"column":17},"end":{"line":95,"column":46}},"53":{"start":{"line":97,"column":25},"end":{"line":97,"column":73}},"54":{"start":{"line":97,"column":43},"end":{"line":97,"column":73}},"55":{"start":{"line":98,"column":18},"end":{"line":98,"column":106}},"56":{"start":{"line":98,"column":48},"end":{"line":98,"column":106}},"57":{"start":{"line":100,"column":4},"end":{"line":106,"column":null}},"58":{"start":{"line":101,"column":6},"end":{"line":105,"column":7}},"59":{"start":{"line":102,"column":8},"end":{"line":102,"column":null}},"60":{"start":{"line":104,"column":8},"end":{"line":104,"column":21}},"61":{"start":{"line":113,"column":23},"end":{"line":113,"column":40}},"62":{"start":{"line":116,"column":21},"end":{"line":116,"column":77}},"63":{"start":{"line":116,"column":37},"end":{"line":116,"column":77}},"64":{"start":{"line":116,"column":62},"end":{"line":116,"column":76}},"65":{"start":{"line":119,"column":28},"end":{"line":119,"column":97}},"66":{"start":{"line":119,"column":60},"end":{"line":119,"column":97}},"67":{"start":{"line":122,"column":22},"end":{"line":122,"column":87}},"68":{"start":{"line":122,"column":39},"end":{"line":122,"column":87}},"69":{"start":{"line":122,"column":62},"end":{"line":122,"column":87}},"70":{"start":{"line":125,"column":26},"end":{"line":125,"column":144}},"71":{"start":{"line":125,"column":50},"end":{"line":125,"column":144}},"72":{"start":{"line":125,"column":74},"end":{"line":125,"column":144}},"73":{"start":{"line":125,"column":91},"end":{"line":125,"column":144}},"74":{"start":{"line":128,"column":26},"end":{"line":134,"column":6}},"75":{"start":{"line":129,"column":26},"end":{"line":129,"column":53}},"76":{"start":{"line":130,"column":21},"end":{"line":130,"column":65}},"77":{"start":{"line":132,"column":30},"end":{"line":132,"column":43}},"78":{"start":{"line":133,"column":6},"end":{"line":133,"column":39}},"79":{"start":{"line":137,"column":25},"end":{"line":140,"column":6}},"80":{"start":{"line":138,"column":24},"end":{"line":138,"column":53}},"81":{"start":{"line":139,"column":6},"end":{"line":139,"column":62}},"82":{"start":{"line":142,"column":29},"end":{"line":142,"column":56}},"83":{"start":{"line":143,"column":4},"end":{"line":143,"column":null}},"84":{"start":{"line":148,"column":2},"end":{"line":152,"column":null}},"85":{"start":{"line":155,"column":0},"end":{"line":155,"column":null}}},"fnMap":{"0":{"name":"App","decl":{"start":{"line":8,"column":9},"end":{"line":8,"column":12}},"loc":{"start":{"line":8,"column":12},"end":{"line":153,"column":1}}},"1":{"name":"(anonymous_1)","decl":{"start":{"line":13,"column":29},"end":{"line":13,"column":30}},"loc":{"start":{"line":13,"column":76},"end":{"line":20,"column":3}}},"2":{"name":"(anonymous_2)","decl":{"start":{"line":22,"column":12},"end":{"line":22,"column":15}},"loc":{"start":{"line":22,"column":17},"end":{"line":41,"column":3}}},"3":{"name":"(anonymous_3)","decl":{"start":{"line":26,"column":27},"end":{"line":26,"column":33}},"loc":{"start":{"line":26,"column":36},"end":{"line":38,"column":7}}},"4":{"name":"(anonymous_4)","decl":{"start":{"line":29,"column":24},"end":{"line":29,"column":30}},"loc":{"start":{"line":29,"column":33},"end":{"line":37,"column":9}}},"5":{"name":"(anonymous_5)","decl":{"start":{"line":33,"column":27},"end":{"line":33,"column":28}},"loc":{"start":{"line":33,"column":39},"end":{"line":35,"column":11}}},"6":{"name":"createLabel","decl":{"start":{"line":45,"column":11},"end":{"line":45,"column":22}},"loc":{"start":{"line":45,"column":35},"end":{"line":50,"column":3}}},"7":{"name":"(anonymous_7)","decl":{"start":{"line":55,"column":9},"end":{"line":55,"column":10}},"loc":{"start":{"line":55,"column":35},"end":{"line":55,"column":40}}},"8":{"name":"(anonymous_8)","decl":{"start":{"line":56,"column":9},"end":{"line":56,"column":10}},"loc":{"start":{"line":56,"column":35},"end":{"line":56,"column":40}}},"9":{"name":"(anonymous_9)","decl":{"start":{"line":57,"column":9},"end":{"line":57,"column":10}},"loc":{"start":{"line":57,"column":35},"end":{"line":57,"column":40}}},"10":{"name":"(anonymous_10)","decl":{"start":{"line":58,"column":9},"end":{"line":58,"column":10}},"loc":{"start":{"line":58,"column":35},"end":{"line":58,"column":40}}},"11":{"name":"(anonymous_11)","decl":{"start":{"line":63,"column":8},"end":{"line":63,"column":9}},"loc":{"start":{"line":63,"column":27},"end":{"line":63,"column":32}}},"12":{"name":"(anonymous_12)","decl":{"start":{"line":67,"column":10},"end":{"line":67,"column":11}},"loc":{"start":{"line":67,"column":30},"end":{"line":67,"column":49}}},"13":{"name":"(anonymous_13)","decl":{"start":{"line":68,"column":14},"end":{"line":68,"column":15}},"loc":{"start":{"line":68,"column":34},"end":{"line":68,"column":51}}},"14":{"name":"(anonymous_14)","decl":{"start":{"line":69,"column":15},"end":{"line":69,"column":16}},"loc":{"start":{"line":69,"column":35},"end":{"line":69,"column":53}}},"15":{"name":"(anonymous_15)","decl":{"start":{"line":70,"column":14},"end":{"line":70,"column":15}},"loc":{"start":{"line":70,"column":34},"end":{"line":70,"column":50}}},"16":{"name":"(anonymous_16)","decl":{"start":{"line":71,"column":13},"end":{"line":71,"column":14}},"loc":{"start":{"line":71,"column":33},"end":{"line":71,"column":47}}},"17":{"name":"(anonymous_17)","decl":{"start":{"line":72,"column":10},"end":{"line":72,"column":11}},"loc":{"start":{"line":72,"column":30},"end":{"line":72,"column":46}}},"18":{"name":"(anonymous_18)","decl":{"start":{"line":73,"column":15},"end":{"line":73,"column":16}},"loc":{"start":{"line":73,"column":35},"end":{"line":73,"column":59}}},"19":{"name":"(anonymous_19)","decl":{"start":{"line":73,"column":44},"end":{"line":73,"column":47}},"loc":{"start":{"line":73,"column":51},"end":{"line":73,"column":58}}},"20":{"name":"(anonymous_20)","decl":{"start":{"line":74,"column":12},"end":{"line":74,"column":13}},"loc":{"start":{"line":74,"column":48},"end":{"line":74,"column":81}}},"21":{"name":"(anonymous_21)","decl":{"start":{"line":75,"column":11},"end":{"line":75,"column":12}},"loc":{"start":{"line":75,"column":47},"end":{"line":75,"column":58}}},"22":{"name":"(anonymous_22)","decl":{"start":{"line":76,"column":13},"end":{"line":76,"column":14}},"loc":{"start":{"line":76,"column":33},"end":{"line":76,"column":60}}},"23":{"name":"(anonymous_23)","decl":{"start":{"line":80,"column":20},"end":{"line":80,"column":21}},"loc":{"start":{"line":81,"column":4},"end":{"line":81,"column":129}}},"24":{"name":"(anonymous_24)","decl":{"start":{"line":81,"column":23},"end":{"line":81,"column":24}},"loc":{"start":{"line":81,"column":57},"end":{"line":81,"column":128}}},"25":{"name":"(anonymous_25)","decl":{"start":{"line":84,"column":30},"end":{"line":84,"column":31}},"loc":{"start":{"line":84,"column":46},"end":{"line":89,"column":3}}},"26":{"name":"(anonymous_26)","decl":{"start":{"line":92,"column":24},"end":{"line":92,"column":25}},"loc":{"start":{"line":92,"column":40},"end":{"line":107,"column":3}}},"27":{"name":"(anonymous_27)","decl":{"start":{"line":97,"column":25},"end":{"line":97,"column":26}},"loc":{"start":{"line":97,"column":43},"end":{"line":97,"column":73}}},"28":{"name":"(anonymous_28)","decl":{"start":{"line":98,"column":18},"end":{"line":98,"column":19}},"loc":{"start":{"line":98,"column":48},"end":{"line":98,"column":106}}},"29":{"name":"(anonymous_29)","decl":{"start":{"line":100,"column":38},"end":{"line":100,"column":39}},"loc":{"start":{"line":100,"column":58},"end":{"line":106,"column":5}}},"30":{"name":"evalFormula","decl":{"start":{"line":110,"column":11},"end":{"line":110,"column":22}},"loc":{"start":{"line":110,"column":55},"end":{"line":144,"column":3}}},"31":{"name":"(anonymous_31)","decl":{"start":{"line":116,"column":21},"end":{"line":116,"column":22}},"loc":{"start":{"line":116,"column":37},"end":{"line":116,"column":77}}},"32":{"name":"(anonymous_32)","decl":{"start":{"line":116,"column":54},"end":{"line":116,"column":58}},"loc":{"start":{"line":116,"column":62},"end":{"line":116,"column":76}}},"33":{"name":"(anonymous_33)","decl":{"start":{"line":119,"column":28},"end":{"line":119,"column":29}},"loc":{"start":{"line":119,"column":60},"end":{"line":119,"column":97}}},"34":{"name":"(anonymous_34)","decl":{"start":{"line":122,"column":22},"end":{"line":122,"column":23}},"loc":{"start":{"line":122,"column":39},"end":{"line":122,"column":87}}},"35":{"name":"(anonymous_35)","decl":{"start":{"line":122,"column":39},"end":{"line":122,"column":40}},"loc":{"start":{"line":122,"column":62},"end":{"line":122,"column":87}}},"36":{"name":"(anonymous_36)","decl":{"start":{"line":125,"column":26},"end":{"line":125,"column":27}},"loc":{"start":{"line":125,"column":50},"end":{"line":125,"column":144}}},"37":{"name":"(anonymous_37)","decl":{"start":{"line":125,"column":50},"end":{"line":125,"column":51}},"loc":{"start":{"line":125,"column":74},"end":{"line":125,"column":144}}},"38":{"name":"(anonymous_38)","decl":{"start":{"line":125,"column":74},"end":{"line":125,"column":75}},"loc":{"start":{"line":125,"column":91},"end":{"line":125,"column":144}}},"39":{"name":"(anonymous_39)","decl":{"start":{"line":128,"column":48},"end":{"line":128,"column":49}},"loc":{"start":{"line":128,"column":85},"end":{"line":134,"column":5}}},"40":{"name":"(anonymous_40)","decl":{"start":{"line":137,"column":58},"end":{"line":137,"column":59}},"loc":{"start":{"line":137,"column":84},"end":{"line":140,"column":5}}}},"branchMap":{"0":{"loc":{"start":{"line":17,"column":4},"end":{"line":19,"column":5}},"type":"if","locations":[{"start":{"line":17,"column":4},"end":{"line":19,"column":5}}]},"1":{"loc":{"start":{"line":17,"column":8},"end":{"line":17,"column":57}},"type":"binary-expr","locations":[{"start":{"line":17,"column":8},"end":{"line":17,"column":32}},{"start":{"line":17,"column":36},"end":{"line":17,"column":57}}]},"2":{"loc":{"start":{"line":23,"column":4},"end":{"line":39,"column":5}},"type":"if","locations":[{"start":{"line":23,"column":4},"end":{"line":39,"column":5}}]},"3":{"loc":{"start":{"line":88,"column":11},"end":{"line":88,"column":52}},"type":"cond-expr","locations":[{"start":{"line":88,"column":26},"end":{"line":88,"column":29}},{"start":{"line":88,"column":32},"end":{"line":88,"column":52}}]},"4":{"loc":{"start":{"line":101,"column":6},"end":{"line":105,"column":7}},"type":"if","locations":[{"start":{"line":101,"column":6},"end":{"line":105,"column":7}},{"start":{"line":103,"column":13},"end":{"line":105,"column":7}}]},"5":{"loc":{"start":{"line":139,"column":13},"end":{"line":139,"column":61}},"type":"cond-expr","locations":[{"start":{"line":139,"column":39},"end":{"line":139,"column":56}},{"start":{"line":139,"column":59},"end":{"line":139,"column":61}}]},"6":{"loc":{"start":{"line":143,"column":11},"end":{"line":143,"column":91}},"type":"cond-expr","locations":[{"start":{"line":143,"column":36},"end":{"line":143,"column":52}},{"start":{"line":143,"column":55},"end":{"line":143,"column":91}}]}},"s":{"0":1,"1":1,"2":1,"3":1,"4":1,"5":0,"6":0,"7":0,"8":0,"9":1,"10":1,"11":1,"12":1,"13":1,"14":99,"15":99,"16":990,"17":990,"18":990,"19":990,"20":0,"21":990,"22":109,"23":109,"24":109,"25":109,"26":1,"27":0,"28":0,"29":0,"30":0,"31":1,"32":0,"33":0,"34":0,"35":0,"36":0,"37":0,"38":0,"39":0,"40":0,"41":0,"42":0,"43":0,"44":1,"45":0,"46":0,"47":1,"48":0,"49":0,"50":1,"51":0,"52":0,"53":0,"54":0,"55":0,"56":0,"57":0,"58":0,"59":0,"60":0,"61":0,"62":0,"63":0,"64":0,"65":0,"66":0,"67":0,"68":0,"69":0,"70":0,"71":0,"72":0,"73":0,"74":0,"75":0,"76":0,"77":0,"78":0,"79":0,"80":0,"81":0,"82":0,"83":0,"84":1,"85":1},"f":{"0":1,"1":0,"2":1,"3":99,"4":990,"5":0,"6":109,"7":0,"8":0,"9":0,"10":0,"11":0,"12":0,"13":0,"14":0,"15":0,"16":0,"17":0,"18":0,"19":0,"20":0,"21":0,"22":0,"23":0,"24":0,"25":0,"26":0,"27":0,"28":0,"29":0,"30":0,"31":0,"32":0,"33":0,"34":0,"35":0,"36":0,"37":0,"38":0,"39":0,"40":0},"b":{"0":[0],"1":[0,0],"2":[1],"3":[0,0],"4":[0,0],"5":[0,0],"6":[0,0]}}
,"/Users/admin/Desktop/react/spreadsheet/src/helpers/index.ts": {"path":"/Users/admin/Desktop/react/spreadsheet/src/helpers/index.ts","statementMap":{"0":{"start":{"line":1,"column":22},"end":{"line":1,"column":63}},"1":{"start":{"line":1,"column":49},"end":{"line":1,"column":63}},"2":{"start":{"line":1,"column":13},"end":{"line":1,"column":22}},"3":{"start":{"line":2,"column":19},"end":{"line":2,"column":84}},"4":{"start":{"line":2,"column":46},"end":{"line":2,"column":84}},"5":{"start":{"line":2,"column":71},"end":{"line":2,"column":80}},"6":{"start":{"line":2,"column":13},"end":{"line":2,"column":19}},"7":{"start":{"line":3,"column":23},"end":{"line":3,"column":71}},"8":{"start":{"line":3,"column":50},"end":{"line":3,"column":71}},"9":{"start":{"line":3,"column":13},"end":{"line":3,"column":23}},"10":{"start":{"line":5,"column":22},"end":{"line":10,"column":1}},"11":{"start":{"line":6,"column":20},"end":{"line":6,"column":53}},"12":{"start":{"line":6,"column":47},"end":{"line":6,"column":52}},"13":{"start":{"line":7,"column":17},"end":{"line":7,"column":49}},"14":{"start":{"line":9,"column":2},"end":{"line":9,"column":121}},"15":{"start":{"line":5,"column":13},"end":{"line":5,"column":22}},"16":{"start":{"line":12,"column":0},"end":{"line":12,"column":34}},"17":{"start":{"line":15,"column":21},"end":{"line":18,"column":31}},"18":{"start":{"line":16,"column":2},"end":{"line":18,"column":31}},"19":{"start":{"line":18,"column":22},"end":{"line":18,"column":30}},"20":{"start":{"line":15,"column":13},"end":{"line":15,"column":21}},"21":{"start":{"line":21,"column":25},"end":{"line":22,"column":88}},"22":{"start":{"line":22,"column":2},"end":{"line":22,"column":88}},"23":{"start":{"line":22,"column":62},"end":{"line":22,"column":87}},"24":{"start":{"line":21,"column":13},"end":{"line":21,"column":25}}},"fnMap":{"0":{"name":"(anonymous_0)","decl":{"start":{"line":1,"column":22},"end":{"line":1,"column":23}},"loc":{"start":{"line":1,"column":49},"end":{"line":1,"column":63}}},"1":{"name":"(anonymous_1)","decl":{"start":{"line":2,"column":19},"end":{"line":2,"column":20}},"loc":{"start":{"line":2,"column":46},"end":{"line":2,"column":84}}},"2":{"name":"(anonymous_2)","decl":{"start":{"line":2,"column":57},"end":{"line":2,"column":58}},"loc":{"start":{"line":2,"column":71},"end":{"line":2,"column":80}}},"3":{"name":"(anonymous_3)","decl":{"start":{"line":3,"column":23},"end":{"line":3,"column":24}},"loc":{"start":{"line":3,"column":50},"end":{"line":3,"column":71}}},"4":{"name":"(anonymous_4)","decl":{"start":{"line":5,"column":22},"end":{"line":5,"column":23}},"loc":{"start":{"line":5,"column":48},"end":{"line":10,"column":1}}},"5":{"name":"(anonymous_5)","decl":{"start":{"line":6,"column":37},"end":{"line":6,"column":38}},"loc":{"start":{"line":6,"column":47},"end":{"line":6,"column":52}}},"6":{"name":"(anonymous_6)","decl":{"start":{"line":15,"column":21},"end":{"line":15,"column":22}},"loc":{"start":{"line":16,"column":2},"end":{"line":18,"column":31}}},"7":{"name":"(anonymous_7)","decl":{"start":{"line":18,"column":9},"end":{"line":18,"column":10}},"loc":{"start":{"line":18,"column":22},"end":{"line":18,"column":30}}},"8":{"name":"(anonymous_8)","decl":{"start":{"line":21,"column":25},"end":{"line":21,"column":26}},"loc":{"start":{"line":22,"column":2},"end":{"line":22,"column":88}}},"9":{"name":"(anonymous_9)","decl":{"start":{"line":22,"column":52},"end":{"line":22,"column":53}},"loc":{"start":{"line":22,"column":62},"end":{"line":22,"column":87}}}},"branchMap":{"0":{"loc":{"start":{"line":9,"column":9},"end":{"line":9,"column":120}},"type":"cond-expr","locations":[{"start":{"line":9,"column":26},"end":{"line":9,"column":89}},{"start":{"line":9,"column":92},"end":{"line":9,"column":120}}]}},"s":{"0":2,"1":8,"2":2,"3":2,"4":8,"5":16,"6":2,"7":2,"8":5,"9":2,"10":2,"11":6,"12":24,"13":6,"14":6,"15":2,"16":2,"17":2,"18":2,"19":109,"20":2,"21":2,"22":1,"23":10,"24":2},"f":{"0":8,"1":8,"2":16,"3":5,"4":6,"5":24,"6":2,"7":109,"8":1,"9":10},"b":{"0":[4,2]}}
,"/Users/admin/Desktop/react/spreadsheet/src/helpers/regex.ts": {"path":"/Users/admin/Desktop/react/spreadsheet/src/helpers/regex.ts","statementMap":{"0":{"start":{"line":1,"column":13},"end":{"line":1,"column":72}},"1":{"start":{"line":2,"column":13},"end":{"line":2,"column":48}},"2":{"start":{"line":3,"column":13},"end":{"line":3,"column":51}},"3":{"start":{"line":4,"column":13},"end":{"line":4,"column":63}},"4":{"start":{"line":5,"column":13},"end":{"line":5,"column":47}}},"fnMap":{},"branchMap":{},"s":{"0":1,"1":1,"2":1,"3":1,"4":1},"f":{},"b":{}}
}
