TN:
SF:src/App.tsx
FN:8,App
FN:13,(anonymous_1)
FN:22,(anonymous_2)
FN:26,(anonymous_3)
FN:29,(anonymous_4)
FN:33,(anonymous_5)
FN:45,createLabel
FN:55,(anonymous_7)
FN:56,(anonymous_8)
FN:57,(anonymous_9)
FN:58,(anonymous_10)
FN:63,(anonymous_11)
FN:67,(anonymous_12)
FN:68,(anonymous_13)
FN:69,(anonymous_14)
FN:70,(anonymous_15)
FN:71,(anonymous_16)
FN:72,(anonymous_17)
FN:73,(anonymous_18)
FN:73,(anonymous_19)
FN:74,(anonymous_20)
FN:75,(anonymous_21)
FN:76,(anonymous_22)
FN:80,(anonymous_23)
FN:81,(anonymous_24)
FN:84,(anonymous_25)
FN:92,(anonymous_26)
FN:97,(anonymous_27)
FN:98,(anonymous_28)
FN:100,(anonymous_29)
FN:110,evalFormula
FN:116,(anonymous_31)
FN:116,(anonymous_32)
FN:119,(anonymous_33)
FN:122,(anonymous_34)
FN:122,(anonymous_35)
FN:125,(anonymous_36)
FN:125,(anonymous_37)
FN:125,(anonymous_38)
FN:128,(anonymous_39)
FN:137,(anonymous_40)
FNF:41
FNH:5
FNDA:1,App
FNDA:0,(anonymous_1)
FNDA:1,(anonymous_2)
FNDA:99,(anonymous_3)
FNDA:990,(anonymous_4)
FNDA:0,(anonymous_5)
FNDA:109,createLabel
FNDA:0,(anonymous_7)
FNDA:0,(anonymous_8)
FNDA:0,(anonymous_9)
FNDA:0,(anonymous_10)
FNDA:0,(anonymous_11)
FNDA:0,(anonymous_12)
FNDA:0,(anonymous_13)
FNDA:0,(anonymous_14)
FNDA:0,(anonymous_15)
FNDA:0,(anonymous_16)
FNDA:0,(anonymous_17)
FNDA:0,(anonymous_18)
FNDA:0,(anonymous_19)
FNDA:0,(anonymous_20)
FNDA:0,(anonymous_21)
FNDA:0,(anonymous_22)
FNDA:0,(anonymous_23)
FNDA:0,(anonymous_24)
FNDA:0,(anonymous_25)
FNDA:0,(anonymous_26)
FNDA:0,(anonymous_27)
FNDA:0,(anonymous_28)
FNDA:0,(anonymous_29)
FNDA:0,evalFormula
FNDA:0,(anonymous_31)
FNDA:0,(anonymous_32)
FNDA:0,(anonymous_33)
FNDA:0,(anonymous_34)
FNDA:0,(anonymous_35)
FNDA:0,(anonymous_36)
FNDA:0,(anonymous_37)
FNDA:0,(anonymous_38)
FNDA:0,(anonymous_39)
FNDA:0,(anonymous_40)
DA:1,1
DA:2,1
DA:4,1
DA:10,1
DA:13,1
DA:14,0
DA:15,0
DA:17,0
DA:18,0
DA:22,1
DA:23,1
DA:24,1
DA:25,1
DA:26,1
DA:27,99
DA:29,99
DA:30,990
DA:31,990
DA:32,990
DA:33,990
DA:34,0
DA:36,990
DA:46,109
DA:47,109
DA:48,109
DA:49,109
DA:54,1
DA:55,0
DA:56,0
DA:57,0
DA:58,0
DA:62,1
DA:63,0
DA:67,0
DA:68,0
DA:69,0
DA:70,0
DA:71,0
DA:72,0
DA:73,0
DA:74,0
DA:75,0
DA:76,0
DA:80,1
DA:81,0
DA:84,1
DA:86,0
DA:88,0
DA:92,1
DA:93,0
DA:95,0
DA:97,0
DA:98,0
DA:100,0
DA:101,0
DA:102,0
DA:104,0
DA:113,0
DA:116,0
DA:119,0
DA:122,0
DA:125,0
DA:128,0
DA:129,0
DA:130,0
DA:132,0
DA:133,0
DA:137,0
DA:138,0
DA:139,0
DA:142,0
DA:143,0
DA:148,1
DA:155,1
LF:74
LH:28
BRDA:17,0,0,0
BRDA:17,1,0,0
BRDA:17,1,1,0
BRDA:23,2,0,1
BRDA:88,3,0,0
BRDA:88,3,1,0
BRDA:101,4,0,0
BRDA:101,4,1,0
BRDA:139,5,0,0
BRDA:139,5,1,0
BRDA:143,6,0,0
BRDA:143,6,1,0
BRF:12
BRH:1
end_of_record
TN:
SF:src/helpers/index.ts
FN:1,(anonymous_0)
FN:2,(anonymous_1)
FN:2,(anonymous_2)
FN:3,(anonymous_3)
FN:5,(anonymous_4)
FN:6,(anonymous_5)
FN:15,(anonymous_6)
FN:18,(anonymous_7)
FN:21,(anonymous_8)
FN:22,(anonymous_9)
FNF:10
FNH:10
FNDA:8,(anonymous_0)
FNDA:8,(anonymous_1)
FNDA:16,(anonymous_2)
FNDA:5,(anonymous_3)
FNDA:6,(anonymous_4)
FNDA:24,(anonymous_5)
FNDA:2,(anonymous_6)
FNDA:109,(anonymous_7)
FNDA:1,(anonymous_8)
FNDA:10,(anonymous_9)
DA:1,8
DA:2,16
DA:3,5
DA:5,2
DA:6,24
DA:7,6
DA:9,6
DA:12,2
DA:15,2
DA:16,2
DA:18,109
DA:21,2
DA:22,10
LF:13
LH:13
BRDA:9,0,0,4
BRDA:9,0,1,2
BRF:2
BRH:2
end_of_record
TN:
SF:src/helpers/regex.ts
FNF:0
FNH:0
DA:1,1
DA:2,1
DA:3,1
DA:4,1
DA:5,1
LF:5
LH:5
BRF:0
BRH:0
end_of_record
